<?xml version="1.0" encoding="UTF-8"?>
<!-- Generated by org.testng.reporters.JUnitReportReporter -->
<testsuite hostname="DESKTOP-JTJ28NU" failures="0" tests="1" name="Practice.RunConfigTest" time="0.006" errors="0" timestamp="2023-03-21T21:51:51 IST" skipped="0">
  <testcase classname="Practice.RunConfigTest" name="run" time="0.006"/>
  <system-out/>
</testsuite> <!-- Practice.RunConfigTest -->
