<?xml version="1.0" encoding="UTF-8"?>
<!-- Generated by org.testng.reporters.JUnitReportReporter -->
<testsuite hostname="DESKTOP-JTJ28NU" failures="0" tests="1" name="Practice.Practice" time="0.007" errors="0" timestamp="2023-02-21T17:51:56 IST" skipped="0">
  <testcase classname="Practice.Practice" name="m1" time="0.007"/>
  <system-out/>
</testsuite> <!-- Practice.Practice -->
