<?xml version="1.0" encoding="UTF-8"?>
<!-- Generated by org.testng.reporters.JUnitReportReporter -->
<testsuite hostname="DESKTOP-JTJ28NU" failures="0" tests="1" name="Practice.RunConfigTest" time="0.022" errors="0" timestamp="2023-04-20T10:49:23 IST" skipped="0">
  <testcase classname="Practice.RunConfigTest" name="m" time="0.022"/>
  <system-out/>
</testsuite> <!-- Practice.RunConfigTest -->
