<?xml version="1.0" encoding="UTF-8"?>
<!-- Generated by org.testng.reporters.JUnitReportReporter -->
<testsuite hostname="DESKTOP-JTJ28NU" failures="0" tests="1" name="Practice.RunParamTest" time="0.005" errors="0" timestamp="2023-03-21T21:50:28 IST" skipped="0">
  <testcase classname="Practice.RunParamTest" name="run" time="0.005"/>
  <system-out/>
</testsuite> <!-- Practice.RunParamTest -->
