<?xml version="1.0" encoding="UTF-8"?>
<!-- Generated by org.testng.reporters.JUnitReportReporter -->
<testsuite hostname="DESKTOP-JTJ28NU" failures="0" tests="1" name="Practice.PracticeTest" time="0.006" errors="0" timestamp="2023-02-21T20:45:47 IST" skipped="0">
  <testcase classname="Practice.PracticeTest" name="m1" time="0.006"/>
  <system-out/>
</testsuite> <!-- Practice.PracticeTest -->
